2023-05-24 12:40:28 INFO [PoseidonApplication:51] - Starting PoseidonApplication using Java 19.0.1 with PID 22226 (/Users/lucmetz/Documents/IdeaProjects/poseidon/target/classes started by lucmetz in /Users/lucmetz/Documents/IdeaProjects/poseidon)
2023-05-24 12:40:28 DEBUG [PoseidonApplication:52] - Running with Spring Boot v3.0.2, Spring v6.0.4
2023-05-24 12:40:28 INFO [PoseidonApplication:630] - No active profile set, falling back to 1 default profile: "default"
2023-05-24 12:40:30 INFO [TomcatWebServer:108] - Tomcat initialized with port(s): 8080 (http)
2023-05-24 12:40:35 INFO [TomcatWebServer:220] - Tomcat started on port(s): 8080 (http) with context path ''
2023-05-24 12:40:35 INFO [PoseidonApplication:57] - Started PoseidonApplication in 7.541 seconds (process running for 8.957)
2023-05-24 12:41:10 INFO [HomeController:13] - Request received: display home page
2023-05-24 12:41:29 INFO [BidListController:29] - Get request received: display Bid List
2023-05-24 12:41:33 INFO [BidListController:36] - Get request received: add Bid List
2023-05-24 12:41:39 INFO [BidListController:43] - Post request received: validate Bid List
2023-05-24 12:41:39 ERROR [BidListController:54] - Could not validate bid list
2023-05-24 12:41:46 INFO [BidListController:43] - Post request received: validate Bid List
2023-05-24 12:41:46 INFO [BidListController:47] - Bid List successfully saved
2023-05-24 12:41:46 INFO [BidListController:29] - Get request received: display Bid List
2023-05-24 12:41:49 INFO [BidListController:62] - Get request received: show Bid List update form
2023-05-24 12:41:50 INFO [BidListController:29] - Get request received: display Bid List
2023-05-24 12:41:53 INFO [BidListController:94] - Get request received: delete Bid List
2023-05-24 12:41:53 INFO [BidListController:97] - Bid List successfully deleted
2023-05-24 12:41:53 INFO [BidListController:29] - Get request received: display Bid List
2023-05-24 12:41:54 INFO [HomeController:13] - Request received: display home page
2023-05-24 12:41:55 INFO [UserController:29] - Get request received: show user list
2023-05-24 12:41:58 INFO [HomeController:13] - Request received: display home page
2023-05-24 13:07:18 INFO [PoseidonApplication:51] - Starting PoseidonApplication using Java 19.0.1 with PID 22488 (/Users/lucmetz/Documents/IdeaProjects/poseidon/target/classes started by lucmetz in /Users/lucmetz/Documents/IdeaProjects/poseidon)
2023-05-24 13:07:18 DEBUG [PoseidonApplication:52] - Running with Spring Boot v3.0.2, Spring v6.0.4
2023-05-24 13:07:18 INFO [PoseidonApplication:630] - No active profile set, falling back to 1 default profile: "default"
2023-05-24 13:07:21 INFO [TomcatWebServer:108] - Tomcat initialized with port(s): 8080 (http)
2023-05-24 13:07:29 INFO [TomcatWebServer:220] - Tomcat started on port(s): 8080 (http) with context path ''
2023-05-24 13:07:29 INFO [PoseidonApplication:57] - Started PoseidonApplication in 12.044 seconds (process running for 15.901)
2023-05-24 13:07:36 INFO [HomeController:13] - Request received: display home page
2023-05-24 13:08:15 INFO [UserController:29] - Get request received: show user list
2023-05-24 13:08:26 INFO [UserController:37] - Get request received: add user
2023-05-24 13:08:27 INFO [UserController:29] - Get request received: show user list
2023-05-24 13:08:29 INFO [HomeController:13] - Request received: display home page
2023-05-24 13:08:43 INFO [BidListController:29] - Get request received: display Bid List
2023-05-24 13:08:49 INFO [CurveController:29] - Get request received: display curvePoint list
2023-05-24 13:08:50 INFO [RatingController:29] - Get request received: display rating list
2023-05-24 13:08:51 INFO [TradeController:29] - Get request received: display trade list
2023-05-24 13:08:51 INFO [RuleNameController:30] - Get request received: display rulename list
2023-05-24 13:08:52 INFO [BidListController:29] - Get request received: display Bid List
2023-05-24 13:09:27 INFO [HomeController:13] - Request received: display home page
2023-05-24 13:09:41 INFO [BidListController:29] - Get request received: display Bid List
2023-05-24 13:09:45 INFO [CurveController:29] - Get request received: display curvePoint list
2023-05-24 13:09:46 INFO [RatingController:29] - Get request received: display rating list
2023-05-24 13:09:47 INFO [TradeController:29] - Get request received: display trade list
2023-05-24 13:09:47 INFO [RuleNameController:30] - Get request received: display rulename list
2023-05-24 13:09:48 INFO [BidListController:29] - Get request received: display Bid List
2023-05-24 13:09:54 INFO [BidListController:36] - Get request received: add Bid List
2023-05-24 13:10:09 INFO [BidListController:43] - Post request received: validate Bid List
2023-05-24 13:10:09 ERROR [BidListController:54] - Could not validate bid list
2023-05-24 13:10:14 INFO [BidListController:43] - Post request received: validate Bid List
2023-05-24 13:10:14 INFO [BidListController:47] - Bid List successfully saved
2023-05-24 13:10:14 INFO [BidListController:29] - Get request received: display Bid List
2023-05-24 13:10:21 INFO [BidListController:62] - Get request received: show Bid List update form
2023-05-24 13:10:28 INFO [BidListController:74] - Post request received: update Bid List
2023-05-24 13:10:29 INFO [BidListController:82] - Bid List successfully updated
2023-05-24 13:10:29 INFO [BidListController:29] - Get request received: display Bid List
2023-05-24 13:10:37 INFO [BidListController:36] - Get request received: add Bid List
2023-05-24 13:10:42 INFO [BidListController:43] - Post request received: validate Bid List
2023-05-24 13:10:42 INFO [BidListController:47] - Bid List successfully saved
2023-05-24 13:10:42 INFO [BidListController:29] - Get request received: display Bid List
2023-05-24 13:10:47 INFO [BidListController:94] - Get request received: delete Bid List
2023-05-24 13:10:47 INFO [BidListController:97] - Bid List successfully deleted
2023-05-24 13:10:47 INFO [BidListController:29] - Get request received: display Bid List
2023-05-24 13:10:55 INFO [CurveController:29] - Get request received: display curvePoint list
2023-05-24 13:10:56 INFO [BidListController:29] - Get request received: display Bid List
2023-05-24 13:10:57 INFO [CurveController:29] - Get request received: display curvePoint list
2023-05-24 13:10:58 INFO [CurveController:37] - Get request received: add curvePoint
2023-05-24 13:11:00 INFO [CurveController:45] - Post request received: validate curvePoint
2023-05-24 13:11:00 ERROR [CurveController:57] - Could not validate curvePoint
2023-05-24 13:11:03 INFO [CurveController:45] - Post request received: validate curvePoint
2023-05-24 13:11:03 ERROR [CurveController:57] - Could not validate curvePoint
2023-05-24 13:11:17 INFO [CurveController:45] - Post request received: validate curvePoint
2023-05-24 13:11:17 INFO [CurveController:49] - CurvePoint successfully saved
2023-05-24 13:11:17 INFO [CurveController:29] - Get request received: display curvePoint list
2023-05-24 13:11:20 INFO [CurveController:65] - Get request received: show curvePoint update form
2023-05-24 13:11:25 INFO [CurveController:77] - Post request received: update curvePoint
2023-05-24 13:11:25 INFO [CurveController:85] - CurvePoint successfully updated
2023-05-24 13:11:25 INFO [CurveController:29] - Get request received: display curvePoint list
2023-05-24 13:11:32 INFO [CurveController:95] - Get request received: delete curvePoint
2023-05-24 13:11:32 INFO [CurveController:98] - CurvePoint successfully deleted
2023-05-24 13:11:32 INFO [CurveController:29] - Get request received: display curvePoint list
2023-05-24 13:11:33 INFO [RatingController:29] - Get request received: display rating list
2023-05-24 13:11:34 INFO [RatingController:37] - Get request received: add rating
2023-05-24 13:11:41 INFO [RatingController:45] - Post request received: validate rating
2023-05-24 13:11:41 ERROR [RatingController:55] - Could not validate rating
2023-05-24 13:11:55 INFO [RatingController:45] - Post request received: validate rating
2023-05-24 13:11:55 INFO [RatingController:49] - Rating successfully saved
2023-05-24 13:11:55 INFO [RatingController:29] - Get request received: display rating list
2023-05-24 13:11:58 INFO [TradeController:29] - Get request received: display trade list
2023-05-24 13:11:59 INFO [TradeController:37] - Get request received: add trade
2023-05-24 13:12:05 INFO [TradeController:45] - Post request received: validate trade
2023-05-24 13:12:05 INFO [TradeController:49] - Trade successfully saved
2023-05-24 13:12:05 INFO [TradeController:29] - Get request received: display trade list
2023-05-24 13:12:09 INFO [TradeController:29] - Get request received: display trade list
2023-05-24 13:12:09 INFO [RuleNameController:30] - Get request received: display rulename list
2023-05-24 13:12:10 INFO [TradeController:29] - Get request received: display trade list
2023-05-24 13:12:11 INFO [RatingController:29] - Get request received: display rating list
2023-05-24 13:12:11 INFO [CurveController:29] - Get request received: display curvePoint list
2023-05-24 13:12:12 INFO [BidListController:29] - Get request received: display Bid List
2023-05-24 13:12:13 INFO [CurveController:29] - Get request received: display curvePoint list
2023-05-24 13:12:15 INFO [RatingController:29] - Get request received: display rating list
2023-05-24 13:12:17 INFO [RatingController:37] - Get request received: add rating
2023-05-24 13:12:21 INFO [RatingController:45] - Post request received: validate rating
2023-05-24 13:12:21 INFO [RatingController:49] - Rating successfully saved
2023-05-24 13:12:21 INFO [RatingController:29] - Get request received: display rating list
2023-05-24 13:12:22 INFO [RatingController:37] - Get request received: add rating
2023-05-24 13:12:29 INFO [RatingController:45] - Post request received: validate rating
2023-05-24 13:12:29 INFO [RatingController:49] - Rating successfully saved
2023-05-24 13:12:29 INFO [RatingController:29] - Get request received: display rating list
2023-05-24 13:12:31 INFO [RatingController:94] - Get request received: delete rating
2023-05-24 13:12:31 INFO [RatingController:97] - Rating successfully deleted
2023-05-24 13:12:31 INFO [RatingController:29] - Get request received: display rating list
2023-05-24 13:12:35 INFO [TradeController:29] - Get request received: display trade list
2023-05-24 13:12:35 INFO [RuleNameController:30] - Get request received: display rulename list
2023-05-24 13:12:36 INFO [RuleNameController:30] - Get request received: display rulename list
2023-05-24 13:12:38 INFO [RuleNameController:38] - Get request received: add rulename
2023-05-24 13:12:41 INFO [RuleNameController:46] - Post request received: validate rulename
2023-05-24 13:12:41 INFO [RuleNameController:50] - RuleName successfully saved
2023-05-24 13:12:41 INFO [RuleNameController:30] - Get request received: display rulename list
2023-05-24 13:12:44 INFO [RuleNameController:65] - Get request received: show rulename update form
2023-05-24 13:12:47 INFO [RuleNameController:77] - Post request received: update rulename
2023-05-24 13:12:47 INFO [RuleNameController:84] - RuleName successfully updated
2023-05-24 13:12:47 INFO [RuleNameController:30] - Get request received: display rulename list
2023-05-24 13:12:49 INFO [RuleNameController:65] - Get request received: show rulename update form
2023-05-24 13:12:53 INFO [RuleNameController:77] - Post request received: update rulename
2023-05-24 13:12:53 INFO [RuleNameController:84] - RuleName successfully updated
2023-05-24 13:12:53 INFO [RuleNameController:30] - Get request received: display rulename list
2023-05-24 13:12:54 INFO [RuleNameController:65] - Get request received: show rulename update form
2023-05-24 13:12:57 INFO [RuleNameController:77] - Post request received: update rulename
2023-05-24 13:12:57 ERROR [RuleNameController:80] - Get request received: could not update rulename
2023-05-24 13:13:03 INFO [RuleNameController:77] - Post request received: update rulename
2023-05-24 13:13:03 INFO [RuleNameController:84] - RuleName successfully updated
2023-05-24 13:13:03 INFO [RuleNameController:30] - Get request received: display rulename list
2023-05-24 13:13:11 INFO [BidListController:29] - Get request received: display Bid List
2023-05-24 13:13:12 INFO [CurveController:29] - Get request received: display curvePoint list
2023-05-24 13:13:12 INFO [RatingController:29] - Get request received: display rating list
2023-05-24 13:13:13 INFO [RuleNameController:30] - Get request received: display rulename list
2023-05-24 13:13:26 INFO [HomeController:13] - Request received: display home page
2023-05-24 13:14:09 INFO [HomeController:13] - Request received: display home page
2023-05-24 13:14:14 INFO [UserController:29] - Get request received: show user list
2023-05-24 13:14:18 INFO [UserController:37] - Get request received: add user
2023-05-24 13:14:35 INFO [UserController:45] - Post request received: validate user
2023-05-24 13:14:35 ERROR [UserController:55] - Could not add user
2023-05-24 13:14:49 INFO [UserController:45] - Post request received: validate user
2023-05-24 13:14:49 ERROR [UserController:55] - Could not add user
2023-05-24 13:15:07 INFO [UserController:45] - Post request received: validate user
2023-05-24 13:15:07 INFO [UserController:49] - User successfully saved
2023-05-24 13:15:07 INFO [UserController:29] - Get request received: show user list
2023-05-24 13:15:14 INFO [UserController:94] - Get request received: delete user
2023-05-24 13:15:14 INFO [UserController:97] - User successfully deleted
2023-05-24 13:15:14 INFO [UserController:29] - Get request received: show user list
2023-05-24 13:15:27 INFO [HomeController:13] - Request received: display home page
2023-05-24 13:15:49 INFO [HomeController:13] - Request received: display home page
2023-05-24 13:15:50 INFO [UserController:29] - Get request received: show user list
2023-05-24 13:15:54 INFO [UserController:63] - Get request received: show user update form
2023-05-24 13:16:04 INFO [UserController:76] - Post request received: update user
2023-05-24 13:16:04 INFO [UserController:84] - User successfully updated
2023-05-24 13:16:04 INFO [UserController:29] - Get request received: show user list
2023-05-24 13:16:24 INFO [UserController:29] - Get request received: show user list
2023-05-24 13:16:27 INFO [UserController:37] - Get request received: add user
2023-05-24 13:16:50 INFO [UserController:45] - Post request received: validate user
2023-05-24 13:16:51 INFO [UserController:49] - User successfully saved
2023-05-24 13:16:51 INFO [UserController:29] - Get request received: show user list
2023-05-24 13:17:46 INFO [UserController:29] - Get request received: show user list
2023-05-24 13:20:15 DEBUG [tcp:228] - RMI TCP Connection(3)-127.0.0.1: (port 49688) op = 82
2023-05-24 13:20:15 DEBUG [tcp:228] - RMI TCP Connection(3)-127.0.0.1: (port 49688) op = 80
2023-05-24 13:20:15 DEBUG [tcp:228] - RMI TCP Connection(3)-127.0.0.1: (port 49688) op = 80
2023-05-24 13:20:15 DEBUG [loader:228] - RMI TCP Connection(3)-127.0.0.1: name = "[Ljava.rmi.server.ObjID;", codebase = "", defaultLoader = jdk.internal.loader.ClassLoaders$PlatformClassLoader@1f1c7bf6
2023-05-24 13:20:15 DEBUG [loader:228] - RMI TCP Connection(3)-127.0.0.1: name = "java.rmi.server.ObjID", codebase = "", defaultLoader = jdk.internal.loader.ClassLoaders$PlatformClassLoader@1f1c7bf6
2023-05-24 13:20:15 DEBUG [loader:228] - RMI TCP Connection(3)-127.0.0.1: name = "java.rmi.server.UID", codebase = "", defaultLoader = jdk.internal.loader.ClassLoaders$PlatformClassLoader@1f1c7bf6
2023-05-24 13:20:15 DEBUG [loader:228] - RMI TCP Connection(3)-127.0.0.1: name = "java.rmi.dgc.Lease", codebase = "", defaultLoader = jdk.internal.loader.ClassLoaders$PlatformClassLoader@1f1c7bf6
2023-05-24 13:20:15 DEBUG [loader:228] - RMI TCP Connection(3)-127.0.0.1: name = "java.rmi.dgc.VMID", codebase = "", defaultLoader = jdk.internal.loader.ClassLoaders$PlatformClassLoader@1f1c7bf6
2023-05-24 13:20:15 DEBUG [loader:228] - RMI TCP Connection(3)-127.0.0.1: name = "[B", codebase = "", defaultLoader = jdk.internal.loader.ClassLoaders$PlatformClassLoader@1f1c7bf6
2023-05-24 13:20:15 DEBUG [tcp:228] - RMI TCP Connection(3)-127.0.0.1: (port 49688) op = 84
2023-05-24 13:20:15 DEBUG [tcp:228] - RMI TCP Connection(3)-127.0.0.1: (port 49688) op = 80
2023-05-24 13:20:15 DEBUG [tcp:228] - RMI TCP Connection(3)-127.0.0.1: (port 49688) op = 80
2023-05-24 13:20:15 DEBUG [loader:228] - RMI TCP Connection(3)-127.0.0.1: name = "javax.management.ObjectName", codebase = ""
2023-05-24 13:20:15 DEBUG [rmi:230] - connectionId=rmi://127.0.0.1  3, name=org.springframework.boot:type=Admin,name=SpringApplication, attribute=Ready
2023-05-24 13:20:15 DEBUG [call:236] - RMI TCP Connection(3)-127.0.0.1: [127.0.0.1] exception: 
javax.management.InstanceNotFoundException: org.springframework.boot:type=Admin,name=SpringApplication
	at com.sun.jmx.interceptor.DefaultMBeanServerInterceptor.getMBean(DefaultMBeanServerInterceptor.java:1079) ~[?:?]
	at com.sun.jmx.interceptor.DefaultMBeanServerInterceptor.getAttribute(DefaultMBeanServerInterceptor.java:637) ~[?:?]
	at com.sun.jmx.mbeanserver.JmxMBeanServer.getAttribute(JmxMBeanServer.java:679) ~[?:?]
	at javax.management.remote.rmi.RMIConnectionImpl.doOperation(RMIConnectionImpl.java:1449) ~[?:?]
	at javax.management.remote.rmi.RMIConnectionImpl$PrivilegedOperation.run(RMIConnectionImpl.java:1310) ~[?:?]
	at javax.management.remote.rmi.RMIConnectionImpl.doPrivilegedOperation(RMIConnectionImpl.java:1405) ~[?:?]
	at javax.management.remote.rmi.RMIConnectionImpl.getAttribute(RMIConnectionImpl.java:639) ~[?:?]
	at jdk.internal.reflect.DirectMethodHandleAccessor.invoke(DirectMethodHandleAccessor.java:104) ~[?:?]
	at java.lang.reflect.Method.invoke(Method.java:578) ~[?:?]
	at sun.rmi.server.UnicastServerRef.dispatch(UnicastServerRef.java:360) ~[?:?]
	at sun.rmi.transport.Transport$1.run(Transport.java:200) ~[?:?]
	at sun.rmi.transport.Transport$1.run(Transport.java:197) ~[?:?]
	at java.security.AccessController.doPrivileged(AccessController.java:712) ~[?:?]
	at sun.rmi.transport.Transport.serviceCall(Transport.java:196) ~[?:?]
	at sun.rmi.transport.tcp.TCPTransport.handleMessages(TCPTransport.java:598) ~[?:?]
	at sun.rmi.transport.tcp.TCPTransport$ConnectionHandler.run0(TCPTransport.java:844) ~[?:?]
	at sun.rmi.transport.tcp.TCPTransport$ConnectionHandler.lambda$run$0(TCPTransport.java:721) ~[?:?]
	at java.security.AccessController.doPrivileged(AccessController.java:399) ~[?:?]
	at sun.rmi.transport.tcp.TCPTransport$ConnectionHandler.run(TCPTransport.java:720) ~[?:?]
	at java.util.concurrent.ThreadPoolExecutor.runWorker(ThreadPoolExecutor.java:1144) ~[?:?]
	at java.util.concurrent.ThreadPoolExecutor$Worker.run(ThreadPoolExecutor.java:642) ~[?:?]
	at java.lang.Thread.run(Thread.java:1589) ~[?:?]
2023-05-24 13:20:15 DEBUG [tcp:228] - RMI TCP Connection(3)-127.0.0.1: (port 49688) op = 80
2023-05-24 13:20:15 DEBUG [rmi:230] - [javax.management.remote.rmi.RMIConnectionImpl@735d9ea3: connectionId=rmi://127.0.0.1  3] closing.
2023-05-24 13:20:15 INFO [PoseidonApplication:51] - Starting PoseidonApplication using Java 19.0.1 with PID 22566 (/Users/lucmetz/Documents/IdeaProjects/poseidon/target/classes started by lucmetz in /Users/lucmetz/Documents/IdeaProjects/poseidon)
2023-05-24 13:20:15 DEBUG [PoseidonApplication:52] - Running with Spring Boot v3.0.2, Spring v6.0.4
2023-05-24 13:20:15 INFO [PoseidonApplication:630] - No active profile set, falling back to 1 default profile: "default"
2023-05-24 13:20:17 INFO [TomcatWebServer:108] - Tomcat initialized with port(s): 8080 (http)
2023-05-24 13:20:21 INFO [TomcatWebServer:220] - Tomcat started on port(s): 8080 (http) with context path ''
2023-05-24 13:20:21 INFO [PoseidonApplication:57] - Started PoseidonApplication in 6.066 seconds (process running for 9.204)
2023-05-24 13:20:30 INFO [HomeController:13] - Request received: display home page
2023-05-24 13:21:04 INFO [HomeController:13] - Request received: display home page
2023-05-24 13:22:09 INFO [HomeController:13] - Request received: display home page
2023-05-24 13:41:36 DEBUG [SpringBootTestContextBootstrapper:287] - Neither @ContextConfiguration nor @ContextHierarchy found for test class [SpringBootTests]: using SpringBootContextLoader
2023-05-24 13:41:36 DEBUG [AbstractContextLoader:271] - Could not detect default resource locations for test class [com.nnk.springboot.misc.SpringBootTests]: no resource found for suffixes {-context.xml, Context.groovy}.
2023-05-24 13:41:36 INFO [AnnotationConfigContextLoaderUtils:83] - Could not detect default configuration classes for test class [com.nnk.springboot.misc.SpringBootTests]: SpringBootTests does not declare any static, non-private, non-final, nested classes annotated with @Configuration.
2023-05-24 13:41:36 DEBUG [SpringBootTestContextBootstrapper:394] - Using ContextCustomizers for test class [SpringBootTests]: [ExcludeFilterContextCustomizer, DuplicateJsonObjectContextCustomizer, MockitoContextCustomizer, TestRestTemplateContextCustomizer, DisableObservabilityContextCustomizer, PropertyMappingContextCustomizer, Customizer]
2023-05-24 13:41:36 DEBUG [ClassPathScanningCandidateComponentProvider:441] - Identified candidate component class: file [/Users/lucmetz/Documents/IdeaProjects/poseidon/target/classes/com/nnk/springboot/PoseidonApplication.class]
2023-05-24 13:41:36 INFO [SpringBootTestContextBootstrapper:247] - Found @SpringBootConfiguration com.nnk.springboot.PoseidonApplication for test class com.nnk.springboot.misc.SpringBootTests
2023-05-24 13:41:37 DEBUG [SpringBootTestContextBootstrapper:181] - Using TestExecutionListeners for test class [SpringBootTests]: [ServletTestExecutionListener, DirtiesContextBeforeModesTestExecutionListener, ApplicationEventsTestExecutionListener, MockitoTestExecutionListener, DependencyInjectionTestExecutionListener, DirtiesContextTestExecutionListener, TransactionalTestExecutionListener, SqlScriptsTestExecutionListener, EventPublishingTestExecutionListener, WithSecurityContextTestExecutionListener, ReactorContextTestExecutionListener, ResetMocksTestExecutionListener, RestDocsTestExecutionListener, MockRestServiceServerResetTestExecutionListener, MockMvcPrintOnlyOnFailureTestExecutionListener, WebDriverTestExecutionListener, MockWebServiceServerTestExecutionListener]
2023-05-24 13:41:37 DEBUG [AbstractDirtiesContextTestExecutionListener:154] - Before test class: class [SpringBootTests], class annotated with @DirtiesContext [false] with mode [null]
2023-05-24 13:41:39 INFO [SpringBootTests:51] - Starting SpringBootTests using Java 19.0.1 with PID 22693 (started by lucmetz in /Users/lucmetz/Documents/IdeaProjects/poseidon)
2023-05-24 13:41:39 DEBUG [SpringBootTests:52] - Running with Spring Boot v3.0.2, Spring v6.0.4
2023-05-24 13:41:39 INFO [SpringBootTests:630] - No active profile set, falling back to 1 default profile: "default"
2023-05-24 13:41:56 INFO [SpringBootTests:57] - Started SpringBootTests in 18.965 seconds (process running for 26.457)
2023-05-24 13:41:58 INFO [CurvePointControllerTests:51] - Starting CurvePointControllerTests using Java 19.0.1 with PID 22693 (started by lucmetz in /Users/lucmetz/Documents/IdeaProjects/poseidon)
2023-05-24 13:41:58 DEBUG [CurvePointControllerTests:52] - Running with Spring Boot v3.0.2, Spring v6.0.4
2023-05-24 13:41:58 INFO [CurvePointControllerTests:630] - No active profile set, falling back to 1 default profile: "default"
2023-05-24 13:42:02 INFO [CurvePointControllerTests:57] - Started CurvePointControllerTests in 3.918 seconds (process running for 31.957)
2023-05-24 13:42:02 INFO [CurveController:29] - Get request received: display curvePoint list
2023-05-24 13:42:03 INFO [CurveController:37] - Get request received: add curvePoint
2023-05-24 13:42:04 INFO [CurveController:45] - Post request received: validate curvePoint
2023-05-24 13:42:04 ERROR [CurveController:57] - Could not validate curvePoint
2023-05-24 13:42:04 INFO [CurveController:77] - Post request received: update curvePoint
2023-05-24 13:42:04 ERROR [CurveController:80] - Could not update curvePoint
2023-05-24 13:42:04 INFO [CurveController:65] - Get request received: show curvePoint update form
2023-05-24 13:42:04 INFO [CurveController:95] - Get request received: delete curvePoint
2023-05-24 13:42:04 INFO [CurveController:98] - CurvePoint successfully deleted
2023-05-24 13:42:04 INFO [TradeControllerTests:51] - Starting TradeControllerTests using Java 19.0.1 with PID 22693 (started by lucmetz in /Users/lucmetz/Documents/IdeaProjects/poseidon)
2023-05-24 13:42:04 DEBUG [TradeControllerTests:52] - Running with Spring Boot v3.0.2, Spring v6.0.4
2023-05-24 13:42:04 INFO [TradeControllerTests:630] - No active profile set, falling back to 1 default profile: "default"
2023-05-24 13:42:06 INFO [TradeControllerTests:57] - Started TradeControllerTests in 2.561 seconds (process running for 36.485)
2023-05-24 13:42:06 INFO [TradeController:29] - Get request received: display trade list
2023-05-24 13:42:06 INFO [TradeController:37] - Get request received: add trade
2023-05-24 13:42:07 INFO [TradeController:45] - Post request received: validate trade
2023-05-24 13:42:07 ERROR [TradeController:54] - Could not validate trade
2023-05-24 13:42:07 INFO [TradeController:73] - Post request received: update trade
2023-05-24 13:42:07 ERROR [TradeController:76] - Could not update trade
2023-05-24 13:42:07 INFO [TradeController:62] - Get request received: show trade update form
2023-05-24 13:42:07 INFO [TradeController:91] - Get request received: delete trade
2023-05-24 13:42:07 INFO [TradeController:94] - Trade successfully deleted
2023-05-24 13:42:08 INFO [RatingControllerTests:51] - Starting RatingControllerTests using Java 19.0.1 with PID 22693 (started by lucmetz in /Users/lucmetz/Documents/IdeaProjects/poseidon)
2023-05-24 13:42:08 DEBUG [RatingControllerTests:52] - Running with Spring Boot v3.0.2, Spring v6.0.4
2023-05-24 13:42:08 INFO [RatingControllerTests:630] - No active profile set, falling back to 1 default profile: "default"
2023-05-24 13:42:11 INFO [RatingControllerTests:57] - Started RatingControllerTests in 3.458 seconds (process running for 41.227)
2023-05-24 13:42:11 INFO [RatingController:29] - Get request received: display rating list
2023-05-24 13:42:11 INFO [RatingController:37] - Get request received: add rating
2023-05-24 13:42:11 INFO [RatingController:45] - Post request received: validate rating
2023-05-24 13:42:11 ERROR [RatingController:55] - Could not validate rating
2023-05-24 13:42:11 INFO [RatingController:75] - Post request received: update rating
2023-05-24 13:42:11 ERROR [RatingController:78] - Could not update rating
2023-05-24 13:42:11 INFO [RatingController:63] - Get request received: show rating update form
2023-05-24 13:42:11 INFO [RatingController:94] - Get request received: delete rating
2023-05-24 13:42:11 INFO [RatingController:97] - Rating successfully deleted
2023-05-24 13:42:11 INFO [UserControllerTests:51] - Starting UserControllerTests using Java 19.0.1 with PID 22693 (started by lucmetz in /Users/lucmetz/Documents/IdeaProjects/poseidon)
2023-05-24 13:42:11 DEBUG [UserControllerTests:52] - Running with Spring Boot v3.0.2, Spring v6.0.4
2023-05-24 13:42:11 INFO [UserControllerTests:630] - No active profile set, falling back to 1 default profile: "default"
2023-05-24 13:42:13 INFO [UserControllerTests:57] - Started UserControllerTests in 1.999 seconds (process running for 43.461)
2023-05-24 13:42:13 INFO [UserController:29] - Get request received: show user list
2023-05-24 13:42:13 INFO [UserController:37] - Get request received: add user
2023-05-24 13:42:13 INFO [UserController:45] - Post request received: validate user
2023-05-24 13:42:13 ERROR [UserController:55] - Could not add user
2023-05-24 13:42:13 INFO [UserController:76] - Post request received: update user
2023-05-24 13:42:13 ERROR [UserController:79] - Could not update user
2023-05-24 13:42:13 INFO [UserController:63] - Get request received: show user update form
2023-05-24 13:42:13 INFO [UserController:94] - Get request received: delete user
2023-05-24 13:42:13 INFO [UserController:97] - User successfully deleted
2023-05-24 13:42:14 INFO [HomeControllerTests:51] - Starting HomeControllerTests using Java 19.0.1 with PID 22693 (started by lucmetz in /Users/lucmetz/Documents/IdeaProjects/poseidon)
2023-05-24 13:42:14 DEBUG [HomeControllerTests:52] - Running with Spring Boot v3.0.2, Spring v6.0.4
2023-05-24 13:42:14 INFO [HomeControllerTests:630] - No active profile set, falling back to 1 default profile: "default"
2023-05-24 13:42:16 INFO [HomeControllerTests:57] - Started HomeControllerTests in 1.981 seconds (process running for 46.577)
2023-05-24 13:42:16 INFO [HomeController:13] - Request received: display home page
2023-05-24 13:42:16 INFO [HomeController:20] - Request received: display bidList page
2023-05-24 13:42:17 INFO [BidListControllerTests:51] - Starting BidListControllerTests using Java 19.0.1 with PID 22693 (started by lucmetz in /Users/lucmetz/Documents/IdeaProjects/poseidon)
2023-05-24 13:42:17 DEBUG [BidListControllerTests:52] - Running with Spring Boot v3.0.2, Spring v6.0.4
2023-05-24 13:42:17 INFO [BidListControllerTests:630] - No active profile set, falling back to 1 default profile: "default"
2023-05-24 13:42:18 INFO [BidListControllerTests:57] - Started BidListControllerTests in 1.641 seconds (process running for 48.648)
2023-05-24 13:42:18 INFO [BidListController:29] - Get request received: display Bid List
2023-05-24 13:42:18 INFO [BidListController:36] - Get request received: add Bid List
2023-05-24 13:42:19 INFO [BidListController:43] - Post request received: validate Bid List
2023-05-24 13:42:19 ERROR [BidListController:54] - Could not validate bid list
2023-05-24 13:42:19 INFO [BidListController:74] - Post request received: update Bid List
2023-05-24 13:42:19 ERROR [BidListController:77] - Could not update bid list
2023-05-24 13:42:19 INFO [BidListController:62] - Get request received: show Bid List update form
2023-05-24 13:42:19 INFO [BidListController:94] - Get request received: delete Bid List
2023-05-24 13:42:19 INFO [BidListController:97] - Bid List successfully deleted
2023-05-24 13:42:19 INFO [RuleNameControllerTests:51] - Starting RuleNameControllerTests using Java 19.0.1 with PID 22693 (started by lucmetz in /Users/lucmetz/Documents/IdeaProjects/poseidon)
2023-05-24 13:42:19 DEBUG [RuleNameControllerTests:52] - Running with Spring Boot v3.0.2, Spring v6.0.4
2023-05-24 13:42:19 INFO [RuleNameControllerTests:630] - No active profile set, falling back to 1 default profile: "default"
2023-05-24 13:42:20 INFO [RuleNameControllerTests:57] - Started RuleNameControllerTests in 1.691 seconds (process running for 50.488)
2023-05-24 13:42:20 INFO [RuleNameController:30] - Get request received: display rulename list
2023-05-24 13:42:20 INFO [RuleNameController:38] - Get request received: add rulename
2023-05-24 13:42:20 INFO [RuleNameController:46] - Post request received: validate rulename
2023-05-24 13:42:20 ERROR [RuleNameController:57] - Could not validate rulename
2023-05-24 13:42:20 INFO [RuleNameController:77] - Post request received: update rulename
2023-05-24 13:42:20 ERROR [RuleNameController:80] - Get request received: could not update rulename
2023-05-24 13:42:20 INFO [RuleNameController:65] - Get request received: show rulename update form
2023-05-24 13:42:20 INFO [RuleNameController:94] - Get request received: delete rulename
2023-05-24 13:42:20 INFO [RuleNameController:97] - RuleName successfully deleted
2023-05-24 13:42:55 DEBUG [SpringBootTestContextBootstrapper:287] - Neither @ContextConfiguration nor @ContextHierarchy found for test class [SpringBootTests]: using SpringBootContextLoader
2023-05-24 13:42:55 DEBUG [AbstractContextLoader:271] - Could not detect default resource locations for test class [com.nnk.springboot.misc.SpringBootTests]: no resource found for suffixes {-context.xml, Context.groovy}.
2023-05-24 13:42:55 INFO [AnnotationConfigContextLoaderUtils:83] - Could not detect default configuration classes for test class [com.nnk.springboot.misc.SpringBootTests]: SpringBootTests does not declare any static, non-private, non-final, nested classes annotated with @Configuration.
2023-05-24 13:42:55 DEBUG [SpringBootTestContextBootstrapper:394] - Using ContextCustomizers for test class [SpringBootTests]: [ExcludeFilterContextCustomizer, DuplicateJsonObjectContextCustomizer, MockitoContextCustomizer, TestRestTemplateContextCustomizer, DisableObservabilityContextCustomizer, PropertyMappingContextCustomizer, Customizer]
2023-05-24 13:42:55 DEBUG [ClassPathScanningCandidateComponentProvider:441] - Identified candidate component class: file [/Users/lucmetz/Documents/IdeaProjects/poseidon/target/classes/com/nnk/springboot/PoseidonApplication.class]
2023-05-24 13:42:55 INFO [SpringBootTestContextBootstrapper:247] - Found @SpringBootConfiguration com.nnk.springboot.PoseidonApplication for test class com.nnk.springboot.misc.SpringBootTests
2023-05-24 13:42:56 DEBUG [SpringBootTestContextBootstrapper:181] - Using TestExecutionListeners for test class [SpringBootTests]: [ServletTestExecutionListener, DirtiesContextBeforeModesTestExecutionListener, ApplicationEventsTestExecutionListener, MockitoTestExecutionListener, DependencyInjectionTestExecutionListener, DirtiesContextTestExecutionListener, TransactionalTestExecutionListener, SqlScriptsTestExecutionListener, EventPublishingTestExecutionListener, WithSecurityContextTestExecutionListener, ReactorContextTestExecutionListener, ResetMocksTestExecutionListener, RestDocsTestExecutionListener, MockRestServiceServerResetTestExecutionListener, MockMvcPrintOnlyOnFailureTestExecutionListener, WebDriverTestExecutionListener, MockWebServiceServerTestExecutionListener]
2023-05-24 13:42:56 DEBUG [AbstractDirtiesContextTestExecutionListener:154] - Before test class: class [SpringBootTests], class annotated with @DirtiesContext [false] with mode [null]
2023-05-24 13:42:59 INFO [SpringBootTests:51] - Starting SpringBootTests using Java 19.0.1 with PID 22712 (started by lucmetz in /Users/lucmetz/Documents/IdeaProjects/poseidon)
2023-05-24 13:42:59 DEBUG [SpringBootTests:52] - Running with Spring Boot v3.0.2, Spring v6.0.4
2023-05-24 13:42:59 INFO [SpringBootTests:630] - No active profile set, falling back to 1 default profile: "default"
2023-05-24 13:43:13 INFO [SpringBootTests:57] - Started SpringBootTests in 16.875 seconds (process running for 28.107)
2023-05-24 13:43:16 INFO [CurvePointControllerTests:51] - Starting CurvePointControllerTests using Java 19.0.1 with PID 22712 (started by lucmetz in /Users/lucmetz/Documents/IdeaProjects/poseidon)
2023-05-24 13:43:16 DEBUG [CurvePointControllerTests:52] - Running with Spring Boot v3.0.2, Spring v6.0.4
2023-05-24 13:43:16 INFO [CurvePointControllerTests:630] - No active profile set, falling back to 1 default profile: "default"
2023-05-24 13:43:21 INFO [CurvePointControllerTests:57] - Started CurvePointControllerTests in 5.761 seconds (process running for 35.948)
2023-05-24 13:43:22 INFO [CurveController:29] - Get request received: display curvePoint list
2023-05-24 13:43:23 INFO [CurveController:37] - Get request received: add curvePoint
2023-05-24 13:43:23 INFO [CurveController:45] - Post request received: validate curvePoint
2023-05-24 13:43:23 ERROR [CurveController:57] - Could not validate curvePoint
2023-05-24 13:43:23 INFO [CurveController:77] - Post request received: update curvePoint
2023-05-24 13:43:23 ERROR [CurveController:80] - Could not update curvePoint
2023-05-24 13:43:24 INFO [CurveController:65] - Get request received: show curvePoint update form
2023-05-24 13:43:24 INFO [CurveController:95] - Get request received: delete curvePoint
2023-05-24 13:43:24 INFO [CurveController:98] - CurvePoint successfully deleted
2023-05-24 13:43:24 INFO [TradeControllerTests:51] - Starting TradeControllerTests using Java 19.0.1 with PID 22712 (started by lucmetz in /Users/lucmetz/Documents/IdeaProjects/poseidon)
2023-05-24 13:43:24 DEBUG [TradeControllerTests:52] - Running with Spring Boot v3.0.2, Spring v6.0.4
2023-05-24 13:43:24 INFO [TradeControllerTests:630] - No active profile set, falling back to 1 default profile: "default"
2023-05-24 13:43:26 INFO [TradeControllerTests:57] - Started TradeControllerTests in 2.629 seconds (process running for 41.13)
2023-05-24 13:43:26 INFO [TradeController:29] - Get request received: display trade list
2023-05-24 13:43:27 INFO [TradeController:37] - Get request received: add trade
2023-05-24 13:43:27 INFO [TradeController:45] - Post request received: validate trade
2023-05-24 13:43:27 ERROR [TradeController:54] - Could not validate trade
2023-05-24 13:43:27 INFO [TradeController:73] - Post request received: update trade
2023-05-24 13:43:27 ERROR [TradeController:76] - Could not update trade
2023-05-24 13:43:27 INFO [TradeController:62] - Get request received: show trade update form
2023-05-24 13:43:27 INFO [TradeController:91] - Get request received: delete trade
2023-05-24 13:43:27 INFO [TradeController:94] - Trade successfully deleted
2023-05-24 13:43:27 INFO [RatingControllerTests:51] - Starting RatingControllerTests using Java 19.0.1 with PID 22712 (started by lucmetz in /Users/lucmetz/Documents/IdeaProjects/poseidon)
2023-05-24 13:43:27 DEBUG [RatingControllerTests:52] - Running with Spring Boot v3.0.2, Spring v6.0.4
2023-05-24 13:43:27 INFO [RatingControllerTests:630] - No active profile set, falling back to 1 default profile: "default"
2023-05-24 13:43:28 INFO [RatingControllerTests:57] - Started RatingControllerTests in 1.416 seconds (process running for 42.755)
2023-05-24 13:43:28 INFO [RatingController:29] - Get request received: display rating list
2023-05-24 13:43:28 INFO [RatingController:37] - Get request received: add rating
2023-05-24 13:43:28 INFO [RatingController:45] - Post request received: validate rating
2023-05-24 13:43:28 ERROR [RatingController:55] - Could not validate rating
2023-05-24 13:43:28 INFO [RatingController:75] - Post request received: update rating
2023-05-24 13:43:28 ERROR [RatingController:78] - Could not update rating
2023-05-24 13:43:28 INFO [RatingController:63] - Get request received: show rating update form
2023-05-24 13:43:28 INFO [RatingController:94] - Get request received: delete rating
2023-05-24 13:43:28 INFO [RatingController:97] - Rating successfully deleted
2023-05-24 13:43:28 INFO [UserControllerTests:51] - Starting UserControllerTests using Java 19.0.1 with PID 22712 (started by lucmetz in /Users/lucmetz/Documents/IdeaProjects/poseidon)
2023-05-24 13:43:28 DEBUG [UserControllerTests:52] - Running with Spring Boot v3.0.2, Spring v6.0.4
2023-05-24 13:43:28 INFO [UserControllerTests:630] - No active profile set, falling back to 1 default profile: "default"
2023-05-24 13:43:30 INFO [UserControllerTests:57] - Started UserControllerTests in 1.822 seconds (process running for 44.769)
2023-05-24 13:43:30 INFO [UserController:29] - Get request received: show user list
2023-05-24 13:43:30 INFO [UserController:37] - Get request received: add user
2023-05-24 13:43:30 INFO [UserController:45] - Post request received: validate user
2023-05-24 13:43:30 ERROR [UserController:55] - Could not add user
2023-05-24 13:43:30 INFO [UserController:76] - Post request received: update user
2023-05-24 13:43:30 ERROR [UserController:79] - Could not update user
2023-05-24 13:43:30 INFO [UserController:63] - Get request received: show user update form
2023-05-24 13:43:30 INFO [UserController:94] - Get request received: delete user
2023-05-24 13:43:30 INFO [UserController:97] - User successfully deleted
2023-05-24 13:43:31 INFO [HomeControllerTests:51] - Starting HomeControllerTests using Java 19.0.1 with PID 22712 (started by lucmetz in /Users/lucmetz/Documents/IdeaProjects/poseidon)
2023-05-24 13:43:31 DEBUG [HomeControllerTests:52] - Running with Spring Boot v3.0.2, Spring v6.0.4
2023-05-24 13:43:31 INFO [HomeControllerTests:630] - No active profile set, falling back to 1 default profile: "default"
2023-05-24 13:43:32 INFO [HomeControllerTests:57] - Started HomeControllerTests in 0.957 seconds (process running for 46.453)
2023-05-24 13:43:32 INFO [HomeController:13] - Request received: display home page
2023-05-24 13:43:32 INFO [HomeController:20] - Request received: display bidList page
2023-05-24 13:43:32 INFO [BidListControllerTests:51] - Starting BidListControllerTests using Java 19.0.1 with PID 22712 (started by lucmetz in /Users/lucmetz/Documents/IdeaProjects/poseidon)
2023-05-24 13:43:32 DEBUG [BidListControllerTests:52] - Running with Spring Boot v3.0.2, Spring v6.0.4
2023-05-24 13:43:32 INFO [BidListControllerTests:630] - No active profile set, falling back to 1 default profile: "default"
2023-05-24 13:43:33 INFO [BidListControllerTests:57] - Started BidListControllerTests in 1.474 seconds (process running for 48.088)
2023-05-24 13:43:33 INFO [BidListController:29] - Get request received: display Bid List
2023-05-24 13:43:33 INFO [BidListController:36] - Get request received: add Bid List
2023-05-24 13:43:33 INFO [BidListController:43] - Post request received: validate Bid List
2023-05-24 13:43:33 ERROR [BidListController:54] - Could not validate bid list
2023-05-24 13:43:34 INFO [BidListController:74] - Post request received: update Bid List
2023-05-24 13:43:34 ERROR [BidListController:77] - Could not update bid list
2023-05-24 13:43:34 INFO [BidListController:62] - Get request received: show Bid List update form
2023-05-24 13:43:34 INFO [BidListController:94] - Get request received: delete Bid List
2023-05-24 13:43:34 INFO [BidListController:97] - Bid List successfully deleted
2023-05-24 13:43:34 INFO [RuleNameControllerTests:51] - Starting RuleNameControllerTests using Java 19.0.1 with PID 22712 (started by lucmetz in /Users/lucmetz/Documents/IdeaProjects/poseidon)
2023-05-24 13:43:34 DEBUG [RuleNameControllerTests:52] - Running with Spring Boot v3.0.2, Spring v6.0.4
2023-05-24 13:43:34 INFO [RuleNameControllerTests:630] - No active profile set, falling back to 1 default profile: "default"
2023-05-24 13:43:34 INFO [RuleNameControllerTests:57] - Started RuleNameControllerTests in 0.872 seconds (process running for 49.061)
2023-05-24 13:43:34 INFO [RuleNameController:30] - Get request received: display rulename list
2023-05-24 13:43:34 INFO [RuleNameController:38] - Get request received: add rulename
2023-05-24 13:43:34 INFO [RuleNameController:46] - Post request received: validate rulename
2023-05-24 13:43:34 ERROR [RuleNameController:57] - Could not validate rulename
2023-05-24 13:43:34 INFO [RuleNameController:77] - Post request received: update rulename
2023-05-24 13:43:34 ERROR [RuleNameController:80] - Get request received: could not update rulename
2023-05-24 13:43:34 INFO [RuleNameController:65] - Get request received: show rulename update form
2023-05-24 13:43:34 INFO [RuleNameController:94] - Get request received: delete rulename
2023-05-24 13:43:34 INFO [RuleNameController:97] - RuleName successfully deleted
2023-05-24 13:49:56 INFO [PoseidonApplication:51] - Starting PoseidonApplication using Java 19.0.1 with PID 22791 (/Users/lucmetz/Documents/IdeaProjects/poseidon/target/classes started by lucmetz in /Users/lucmetz/Documents/IdeaProjects/poseidon)
2023-05-24 13:49:56 DEBUG [PoseidonApplication:52] - Running with Spring Boot v3.0.2, Spring v6.0.4
2023-05-24 13:49:56 INFO [PoseidonApplication:630] - No active profile set, falling back to 1 default profile: "default"
2023-05-24 13:49:59 INFO [TomcatWebServer:108] - Tomcat initialized with port(s): 8080 (http)
2023-05-24 13:50:02 INFO [TomcatWebServer:220] - Tomcat started on port(s): 8080 (http) with context path ''
2023-05-24 13:50:02 INFO [PoseidonApplication:57] - Started PoseidonApplication in 6.232 seconds (process running for 8.541)
2023-05-24 13:50:39 INFO [HomeController:13] - Request received: display home page
2023-05-24 13:50:41 INFO [UserController:29] - Get request received: show user list
2023-05-24 13:51:50 DEBUG [tcp:228] - RMI TCP Connection(1)-127.0.0.1: accepted socket from [127.0.0.1:59348]
2023-05-24 13:51:50 DEBUG [tcp:228] - RMI TCP Connection(1)-127.0.0.1: (port 59346) op = 80
2023-05-24 13:51:50 DEBUG [loader:228] - RMI TCP Connection(1)-127.0.0.1: name = "[Ljava.rmi.server.ObjID;", codebase = "", defaultLoader = jdk.internal.loader.ClassLoaders$PlatformClassLoader@1f1c7bf6
2023-05-24 13:51:50 DEBUG [loader:228] - RMI TCP Connection(1)-127.0.0.1: name = "java.rmi.server.ObjID", codebase = "", defaultLoader = jdk.internal.loader.ClassLoaders$PlatformClassLoader@1f1c7bf6
2023-05-24 13:51:50 DEBUG [loader:228] - RMI TCP Connection(1)-127.0.0.1: name = "java.rmi.server.UID", codebase = "", defaultLoader = jdk.internal.loader.ClassLoaders$PlatformClassLoader@1f1c7bf6
2023-05-24 13:51:50 DEBUG [loader:228] - RMI TCP Connection(1)-127.0.0.1: name = "java.rmi.dgc.Lease", codebase = "", defaultLoader = jdk.internal.loader.ClassLoaders$PlatformClassLoader@1f1c7bf6
2023-05-24 13:51:50 DEBUG [loader:228] - RMI TCP Connection(1)-127.0.0.1: name = "java.rmi.dgc.VMID", codebase = "", defaultLoader = jdk.internal.loader.ClassLoaders$PlatformClassLoader@1f1c7bf6
2023-05-24 13:51:50 DEBUG [loader:228] - RMI TCP Connection(1)-127.0.0.1: name = "[B", codebase = "", defaultLoader = jdk.internal.loader.ClassLoaders$PlatformClassLoader@1f1c7bf6
2023-05-24 13:51:50 DEBUG [tcp:228] - RMI TCP Connection(1)-127.0.0.1: (port 59346) op = 80
2023-05-24 13:51:51 INFO [PoseidonApplication:51] - Starting PoseidonApplication using Java 19.0.1 with PID 22808 (/Users/lucmetz/Documents/IdeaProjects/poseidon/target/classes started by lucmetz in /Users/lucmetz/Documents/IdeaProjects/poseidon)
2023-05-24 13:51:51 DEBUG [PoseidonApplication:52] - Running with Spring Boot v3.0.2, Spring v6.0.4
2023-05-24 13:51:51 INFO [PoseidonApplication:630] - No active profile set, falling back to 1 default profile: "default"
2023-05-24 13:51:52 INFO [TomcatWebServer:108] - Tomcat initialized with port(s): 8080 (http)
2023-05-24 13:51:55 INFO [TomcatWebServer:220] - Tomcat started on port(s): 8080 (http) with context path ''
2023-05-24 13:51:55 INFO [PoseidonApplication:57] - Started PoseidonApplication in 4.687 seconds (process running for 6.366)
2023-05-24 13:52:01 INFO [HomeController:13] - Request received: display home page
2023-05-24 13:52:15 INFO [BidListController:29] - Get request received: display Bid List
2023-05-24 13:52:29 INFO [BidListController:29] - Get request received: display Bid List
2023-05-24 13:52:38 INFO [HomeController:13] - Request received: display home page
2023-05-24 13:52:50 INFO [BidListController:29] - Get request received: display Bid List
2023-05-24 13:52:53 INFO [HomeController:13] - Request received: display home page
2023-05-24 13:53:00 INFO [BidListController:29] - Get request received: display Bid List
2023-05-24 13:53:10 INFO [HomeController:13] - Request received: display home page
2023-05-24 13:53:11 INFO [UserController:29] - Get request received: show user list
2023-05-24 13:53:15 INFO [UserController:37] - Get request received: add user
2023-05-24 13:53:26 INFO [UserController:45] - Post request received: validate user
2023-05-24 13:53:26 INFO [UserController:49] - User successfully saved
2023-05-24 13:53:26 INFO [UserController:29] - Get request received: show user list
2023-05-24 13:53:32 INFO [UserController:29] - Get request received: show user list
2023-05-24 13:53:45 INFO [BidListController:29] - Get request received: display Bid List
2023-05-24 13:53:50 INFO [HomeController:13] - Request received: display home page
2023-05-24 13:54:03 INFO [HomeController:13] - Request received: display home page
2023-05-24 15:14:04 INFO [PoseidonApplication:51] - Starting PoseidonApplication using Java 19.0.1 with PID 23334 (/Users/lucmetz/Documents/IdeaProjects/poseidon/target/classes started by lucmetz in /Users/lucmetz/Documents/IdeaProjects/poseidon)
2023-05-24 15:14:04 DEBUG [PoseidonApplication:52] - Running with Spring Boot v3.0.2, Spring v6.0.4
2023-05-24 15:14:04 INFO [PoseidonApplication:630] - No active profile set, falling back to 1 default profile: "default"
2023-05-24 15:14:06 INFO [TomcatWebServer:108] - Tomcat initialized with port(s): 8080 (http)
2023-05-24 15:14:10 INFO [TomcatWebServer:220] - Tomcat started on port(s): 8080 (http) with context path ''
2023-05-24 15:14:10 INFO [PoseidonApplication:57] - Started PoseidonApplication in 6.636 seconds (process running for 8.389)
2023-05-24 15:14:18 INFO [HomeController:13] - Request received: display home page
2023-05-24 15:14:43 INFO [BidListController:29] - Get request received: display Bid List
2023-05-24 15:14:51 INFO [HomeController:13] - Request received: display home page
2023-05-24 15:14:54 INFO [BidListController:29] - Get request received: display Bid List
2023-05-24 15:15:14 INFO [HomeController:13] - Request received: display home page
2023-05-24 15:15:17 INFO [HomeController:13] - Request received: display home page
2023-05-24 15:15:19 INFO [UserController:29] - Get request received: show user list
2023-05-24 15:15:27 INFO [BidListController:29] - Get request received: display Bid List
2023-05-24 15:15:34 INFO [UserController:29] - Get request received: show user list
2023-05-24 15:16:01 INFO [HomeController:13] - Request received: display home page
2023-05-24 15:16:02 INFO [UserController:29] - Get request received: show user list
2023-05-24 15:16:03 INFO [BidListController:29] - Get request received: display Bid List
2023-05-24 15:16:04 INFO [UserController:29] - Get request received: show user list
2023-05-24 15:16:11 INFO [HomeController:13] - Request received: display home page
2023-05-24 15:16:19 INFO [UserController:29] - Get request received: show user list
2023-05-24 15:16:32 INFO [HomeController:13] - Request received: display home page
2023-05-24 15:16:34 INFO [BidListController:29] - Get request received: display Bid List
2023-05-24 15:16:36 INFO [BidListController:29] - Get request received: display Bid List
2023-05-24 15:16:37 INFO [CurveController:29] - Get request received: display curvePoint list
2023-05-24 15:16:37 INFO [CurveController:37] - Get request received: add curvePoint
2023-05-24 15:16:39 INFO [CurveController:29] - Get request received: display curvePoint list
2023-05-24 15:22:42 INFO [HomeController:13] - Request received: display home page
2023-05-24 15:22:56 INFO [PoseidonApplication:51] - Starting PoseidonApplication using Java 19.0.1 with PID 23378 (/Users/lucmetz/Documents/IdeaProjects/poseidon/target/classes started by lucmetz in /Users/lucmetz/Documents/IdeaProjects/poseidon)
2023-05-24 15:22:56 DEBUG [PoseidonApplication:52] - Running with Spring Boot v3.0.2, Spring v6.0.4
2023-05-24 15:22:56 INFO [PoseidonApplication:630] - No active profile set, falling back to 1 default profile: "default"
2023-05-24 15:22:57 INFO [TomcatWebServer:108] - Tomcat initialized with port(s): 8080 (http)
2023-05-24 15:23:00 INFO [TomcatWebServer:220] - Tomcat started on port(s): 8080 (http) with context path ''
2023-05-24 15:23:00 INFO [PoseidonApplication:57] - Started PoseidonApplication in 4.568 seconds (process running for 6.111)
2023-05-24 15:23:04 INFO [CurveController:29] - Get request received: display curvePoint list
2023-05-24 15:23:05 INFO [BidListController:29] - Get request received: display Bid List
2023-05-24 15:23:05 INFO [BidListController:29] - Get request received: display Bid List
2023-05-24 15:23:05 INFO [BidListController:29] - Get request received: display Bid List
2023-05-24 15:23:05 INFO [BidListController:29] - Get request received: display Bid List
2023-05-24 15:23:05 INFO [BidListController:29] - Get request received: display Bid List
2023-05-24 15:23:05 INFO [BidListController:29] - Get request received: display Bid List
2023-05-24 15:23:05 INFO [BidListController:29] - Get request received: display Bid List
2023-05-24 15:23:05 INFO [BidListController:29] - Get request received: display Bid List
2023-05-24 15:23:05 INFO [BidListController:29] - Get request received: display Bid List
2023-05-24 15:23:05 INFO [BidListController:29] - Get request received: display Bid List
2023-05-24 15:23:05 INFO [BidListController:29] - Get request received: display Bid List
2023-05-24 15:23:05 INFO [BidListController:29] - Get request received: display Bid List
2023-05-24 15:23:05 INFO [BidListController:29] - Get request received: display Bid List
2023-05-24 15:23:05 INFO [BidListController:29] - Get request received: display Bid List
2023-05-24 15:23:05 INFO [BidListController:29] - Get request received: display Bid List
2023-05-24 15:23:05 INFO [BidListController:29] - Get request received: display Bid List
2023-05-24 15:23:05 INFO [BidListController:29] - Get request received: display Bid List
2023-05-24 15:23:05 INFO [BidListController:29] - Get request received: display Bid List
2023-05-24 15:23:06 INFO [BidListController:29] - Get request received: display Bid List
2023-05-24 15:23:06 INFO [BidListController:29] - Get request received: display Bid List
2023-05-24 15:23:06 INFO [BidListController:29] - Get request received: display Bid List
2023-05-24 15:23:06 INFO [BidListController:29] - Get request received: display Bid List
2023-05-24 15:23:06 INFO [BidListController:29] - Get request received: display Bid List
2023-05-24 15:23:06 INFO [BidListController:29] - Get request received: display Bid List
2023-05-24 15:23:06 INFO [BidListController:29] - Get request received: display Bid List
2023-05-24 15:23:06 INFO [BidListController:29] - Get request received: display Bid List
2023-05-24 15:23:06 INFO [BidListController:29] - Get request received: display Bid List
2023-05-24 15:23:06 INFO [BidListController:29] - Get request received: display Bid List
2023-05-24 15:23:06 INFO [BidListController:29] - Get request received: display Bid List
2023-05-24 15:23:06 INFO [BidListController:29] - Get request received: display Bid List
2023-05-24 15:23:06 INFO [BidListController:29] - Get request received: display Bid List
2023-05-24 15:23:06 INFO [BidListController:29] - Get request received: display Bid List
2023-05-24 15:23:06 INFO [BidListController:29] - Get request received: display Bid List
2023-05-24 15:23:06 INFO [BidListController:29] - Get request received: display Bid List
2023-05-24 15:23:06 INFO [BidListController:29] - Get request received: display Bid List
2023-05-24 15:23:06 INFO [BidListController:29] - Get request received: display Bid List
2023-05-24 15:23:06 INFO [BidListController:29] - Get request received: display Bid List
2023-05-24 15:23:06 INFO [BidListController:29] - Get request received: display Bid List
2023-05-24 15:23:11 INFO [BidListController:29] - Get request received: display Bid List
2023-05-24 15:23:11 INFO [BidListController:29] - Get request received: display Bid List
2023-05-24 15:23:11 INFO [BidListController:29] - Get request received: display Bid List
2023-05-24 15:23:11 INFO [BidListController:29] - Get request received: display Bid List
2023-05-24 15:23:11 INFO [BidListController:29] - Get request received: display Bid List
2023-05-24 15:23:11 INFO [BidListController:29] - Get request received: display Bid List
2023-05-24 15:23:11 INFO [BidListController:29] - Get request received: display Bid List
2023-05-24 15:23:11 INFO [BidListController:29] - Get request received: display Bid List
2023-05-24 15:23:11 INFO [BidListController:29] - Get request received: display Bid List
2023-05-24 15:23:11 INFO [BidListController:29] - Get request received: display Bid List
2023-05-24 15:23:11 INFO [BidListController:29] - Get request received: display Bid List
2023-05-24 15:23:11 INFO [BidListController:29] - Get request received: display Bid List
2023-05-24 15:23:11 INFO [BidListController:29] - Get request received: display Bid List
2023-05-24 15:23:11 INFO [BidListController:29] - Get request received: display Bid List
2023-05-24 15:23:11 INFO [BidListController:29] - Get request received: display Bid List
2023-05-24 15:23:11 INFO [BidListController:29] - Get request received: display Bid List
2023-05-24 15:23:11 INFO [BidListController:29] - Get request received: display Bid List
2023-05-24 15:23:11 INFO [BidListController:29] - Get request received: display Bid List
2023-05-24 15:23:11 INFO [BidListController:29] - Get request received: display Bid List
2023-05-24 15:23:11 INFO [BidListController:29] - Get request received: display Bid List
2023-05-24 15:23:14 INFO [BidListController:29] - Get request received: display Bid List
2023-05-24 15:23:14 INFO [BidListController:29] - Get request received: display Bid List
2023-05-24 15:23:14 INFO [BidListController:29] - Get request received: display Bid List
2023-05-24 15:23:14 INFO [BidListController:29] - Get request received: display Bid List
2023-05-24 15:23:14 INFO [BidListController:29] - Get request received: display Bid List
2023-05-24 15:23:14 INFO [BidListController:29] - Get request received: display Bid List
2023-05-24 15:23:14 INFO [BidListController:29] - Get request received: display Bid List
2023-05-24 15:23:14 INFO [BidListController:29] - Get request received: display Bid List
2023-05-24 15:23:14 INFO [BidListController:29] - Get request received: display Bid List
2023-05-24 15:23:14 INFO [BidListController:29] - Get request received: display Bid List
2023-05-24 15:23:14 INFO [BidListController:29] - Get request received: display Bid List
2023-05-24 15:23:14 INFO [BidListController:29] - Get request received: display Bid List
2023-05-24 15:23:14 INFO [BidListController:29] - Get request received: display Bid List
2023-05-24 15:23:14 INFO [BidListController:29] - Get request received: display Bid List
2023-05-24 15:23:14 INFO [BidListController:29] - Get request received: display Bid List
2023-05-24 15:23:14 INFO [BidListController:29] - Get request received: display Bid List
2023-05-24 15:23:14 INFO [BidListController:29] - Get request received: display Bid List
2023-05-24 15:23:14 INFO [BidListController:29] - Get request received: display Bid List
2023-05-24 15:23:14 INFO [BidListController:29] - Get request received: display Bid List
2023-05-24 15:23:14 INFO [BidListController:29] - Get request received: display Bid List
2023-05-24 15:23:23 INFO [BidListController:29] - Get request received: display Bid List
2023-05-24 15:23:23 INFO [BidListController:29] - Get request received: display Bid List
2023-05-24 15:23:23 INFO [BidListController:29] - Get request received: display Bid List
2023-05-24 15:23:23 INFO [BidListController:29] - Get request received: display Bid List
2023-05-24 15:23:23 INFO [BidListController:29] - Get request received: display Bid List
2023-05-24 15:23:23 INFO [BidListController:29] - Get request received: display Bid List
2023-05-24 15:23:23 INFO [BidListController:29] - Get request received: display Bid List
2023-05-24 15:23:23 INFO [BidListController:29] - Get request received: display Bid List
2023-05-24 15:23:23 INFO [BidListController:29] - Get request received: display Bid List
2023-05-24 15:23:23 INFO [BidListController:29] - Get request received: display Bid List
2023-05-24 15:23:23 INFO [BidListController:29] - Get request received: display Bid List
2023-05-24 15:23:23 INFO [BidListController:29] - Get request received: display Bid List
2023-05-24 15:23:23 INFO [BidListController:29] - Get request received: display Bid List
2023-05-24 15:23:23 INFO [BidListController:29] - Get request received: display Bid List
2023-05-24 15:23:23 INFO [BidListController:29] - Get request received: display Bid List
2023-05-24 15:23:23 INFO [BidListController:29] - Get request received: display Bid List
2023-05-24 15:23:23 INFO [BidListController:29] - Get request received: display Bid List
2023-05-24 15:23:23 INFO [BidListController:29] - Get request received: display Bid List
2023-05-24 15:23:23 INFO [BidListController:29] - Get request received: display Bid List
2023-05-24 15:23:23 INFO [BidListController:29] - Get request received: display Bid List
2023-05-24 15:23:23 INFO [BidListController:29] - Get request received: display Bid List
2023-05-24 15:23:23 INFO [BidListController:29] - Get request received: display Bid List
2023-05-24 15:23:23 INFO [BidListController:29] - Get request received: display Bid List
2023-05-24 15:23:23 INFO [BidListController:29] - Get request received: display Bid List
2023-05-24 15:23:23 INFO [BidListController:29] - Get request received: display Bid List
2023-05-24 15:23:23 INFO [BidListController:29] - Get request received: display Bid List
2023-05-24 15:23:23 INFO [BidListController:29] - Get request received: display Bid List
2023-05-24 15:23:23 INFO [BidListController:29] - Get request received: display Bid List
2023-05-24 15:23:23 INFO [BidListController:29] - Get request received: display Bid List
2023-05-24 15:23:23 INFO [BidListController:29] - Get request received: display Bid List
2023-05-24 15:23:23 INFO [BidListController:29] - Get request received: display Bid List
2023-05-24 15:23:23 INFO [BidListController:29] - Get request received: display Bid List
2023-05-24 15:23:23 INFO [BidListController:29] - Get request received: display Bid List
2023-05-24 15:23:24 INFO [BidListController:29] - Get request received: display Bid List
2023-05-24 15:23:24 INFO [BidListController:29] - Get request received: display Bid List
2023-05-24 15:23:24 INFO [BidListController:29] - Get request received: display Bid List
2023-05-24 15:23:24 INFO [BidListController:29] - Get request received: display Bid List
2023-05-24 15:23:24 INFO [BidListController:29] - Get request received: display Bid List
2023-05-24 15:23:25 INFO [BidListController:29] - Get request received: display Bid List
2023-05-24 15:23:25 INFO [BidListController:29] - Get request received: display Bid List
2023-05-24 15:23:25 INFO [BidListController:29] - Get request received: display Bid List
2023-05-24 15:23:25 INFO [BidListController:29] - Get request received: display Bid List
2023-05-24 15:23:25 INFO [BidListController:29] - Get request received: display Bid List
2023-05-24 15:23:25 INFO [BidListController:29] - Get request received: display Bid List
2023-05-24 15:23:25 INFO [BidListController:29] - Get request received: display Bid List
2023-05-24 15:23:25 INFO [BidListController:29] - Get request received: display Bid List
2023-05-24 15:23:25 INFO [BidListController:29] - Get request received: display Bid List
2023-05-24 15:23:25 INFO [BidListController:29] - Get request received: display Bid List
2023-05-24 15:23:25 INFO [BidListController:29] - Get request received: display Bid List
2023-05-24 15:23:25 INFO [BidListController:29] - Get request received: display Bid List
2023-05-24 15:23:25 INFO [BidListController:29] - Get request received: display Bid List
2023-05-24 15:23:25 INFO [BidListController:29] - Get request received: display Bid List
2023-05-24 15:23:25 INFO [BidListController:29] - Get request received: display Bid List
2023-05-24 15:23:25 INFO [BidListController:29] - Get request received: display Bid List
2023-05-24 15:23:25 INFO [BidListController:29] - Get request received: display Bid List
2023-05-24 15:23:25 INFO [BidListController:29] - Get request received: display Bid List
2023-05-24 15:23:25 INFO [BidListController:29] - Get request received: display Bid List
2023-05-24 15:23:25 INFO [BidListController:29] - Get request received: display Bid List
2023-05-24 15:23:30 INFO [BidListController:29] - Get request received: display Bid List
2023-05-24 15:23:30 INFO [BidListController:29] - Get request received: display Bid List
2023-05-24 15:23:30 INFO [BidListController:29] - Get request received: display Bid List
2023-05-24 15:23:30 INFO [BidListController:29] - Get request received: display Bid List
2023-05-24 15:23:30 INFO [BidListController:29] - Get request received: display Bid List
2023-05-24 15:23:30 INFO [BidListController:29] - Get request received: display Bid List
2023-05-24 15:23:30 INFO [BidListController:29] - Get request received: display Bid List
2023-05-24 15:23:30 INFO [BidListController:29] - Get request received: display Bid List
2023-05-24 15:23:30 INFO [BidListController:29] - Get request received: display Bid List
2023-05-24 15:23:30 INFO [BidListController:29] - Get request received: display Bid List
2023-05-24 15:23:30 INFO [BidListController:29] - Get request received: display Bid List
2023-05-24 15:23:30 INFO [BidListController:29] - Get request received: display Bid List
2023-05-24 15:23:30 INFO [BidListController:29] - Get request received: display Bid List
2023-05-24 15:23:30 INFO [BidListController:29] - Get request received: display Bid List
2023-05-24 15:23:30 INFO [BidListController:29] - Get request received: display Bid List
2023-05-24 15:23:30 INFO [BidListController:29] - Get request received: display Bid List
2023-05-24 15:23:30 INFO [BidListController:29] - Get request received: display Bid List
2023-05-24 15:23:30 INFO [BidListController:29] - Get request received: display Bid List
2023-05-24 15:23:30 INFO [BidListController:29] - Get request received: display Bid List
2023-05-24 15:23:30 INFO [BidListController:29] - Get request received: display Bid List
2023-05-24 15:23:52 INFO [PoseidonApplication:51] - Starting PoseidonApplication using Java 19.0.1 with PID 23398 (/Users/lucmetz/Documents/IdeaProjects/poseidon/target/classes started by lucmetz in /Users/lucmetz/Documents/IdeaProjects/poseidon)
2023-05-24 15:23:52 DEBUG [PoseidonApplication:52] - Running with Spring Boot v3.0.2, Spring v6.0.4
2023-05-24 15:23:52 INFO [PoseidonApplication:630] - No active profile set, falling back to 1 default profile: "default"
2023-05-24 15:23:53 INFO [TomcatWebServer:108] - Tomcat initialized with port(s): 8080 (http)
2023-05-24 15:23:57 INFO [TomcatWebServer:220] - Tomcat started on port(s): 8080 (http) with context path ''
2023-05-24 15:23:57 INFO [PoseidonApplication:57] - Started PoseidonApplication in 5.543 seconds (process running for 6.904)
2023-05-24 15:24:00 INFO [BidListController:29] - Get request received: display Bid List
2023-05-24 15:24:07 INFO [HomeController:13] - Request received: display home page
2023-05-24 15:24:12 INFO [BidListController:29] - Get request received: display Bid List
2023-05-24 15:24:16 INFO [CurveController:29] - Get request received: display curvePoint list
2023-05-24 15:24:17 INFO [RatingController:29] - Get request received: display rating list
2023-05-24 15:24:17 INFO [TradeController:29] - Get request received: display trade list
2023-05-24 15:24:18 INFO [RuleNameController:30] - Get request received: display rulename list
2023-05-24 15:24:19 INFO [BidListController:29] - Get request received: display Bid List
2023-05-24 15:24:22 INFO [HomeController:13] - Request received: display home page
2023-05-24 15:24:23 INFO [UserController:29] - Get request received: show user list
2023-05-24 15:24:30 INFO [BidListController:29] - Get request received: display Bid List
2023-05-24 15:24:33 INFO [UserController:29] - Get request received: show user list
2023-05-24 15:24:35 INFO [BidListController:29] - Get request received: display Bid List
2023-05-24 15:24:37 INFO [UserController:29] - Get request received: show user list
2023-05-24 15:24:40 INFO [HomeController:13] - Request received: display home page
2023-05-24 15:24:42 INFO [UserController:29] - Get request received: show user list
2023-05-24 15:26:39 INFO [PoseidonApplication:51] - Starting PoseidonApplication using Java 19.0.1 with PID 23415 (/Users/lucmetz/Documents/IdeaProjects/poseidon/target/classes started by lucmetz in /Users/lucmetz/Documents/IdeaProjects/poseidon)
2023-05-24 15:26:39 DEBUG [PoseidonApplication:52] - Running with Spring Boot v3.0.2, Spring v6.0.4
2023-05-24 15:26:39 INFO [PoseidonApplication:630] - No active profile set, falling back to 1 default profile: "default"
2023-05-24 15:26:41 INFO [TomcatWebServer:108] - Tomcat initialized with port(s): 8080 (http)
2023-05-24 15:26:44 INFO [TomcatWebServer:220] - Tomcat started on port(s): 8080 (http) with context path ''
2023-05-24 15:26:44 INFO [PoseidonApplication:57] - Started PoseidonApplication in 6.418 seconds (process running for 8.592)
2023-05-24 15:26:47 INFO [HomeController:13] - Request received: display home page
2023-05-24 15:26:48 INFO [BidListController:29] - Get request received: display Bid List
2023-05-24 15:26:55 INFO [HomeController:13] - Request received: display home page
2023-05-24 15:26:55 INFO [BidListController:29] - Get request received: display Bid List
2023-05-24 15:27:01 INFO [UserController:29] - Get request received: show user list
2023-05-24 15:27:23 INFO [HomeController:13] - Request received: display home page
2023-05-24 15:27:23 INFO [BidListController:29] - Get request received: display Bid List
2023-05-24 15:27:26 INFO [UserController:29] - Get request received: show user list
2023-05-24 15:27:28 INFO [HomeController:13] - Request received: display home page
2023-05-24 15:27:28 INFO [BidListController:29] - Get request received: display Bid List
2023-05-24 15:27:29 INFO [UserController:29] - Get request received: show user list
2023-05-24 15:27:32 INFO [BidListController:29] - Get request received: display Bid List
2023-05-24 15:27:33 INFO [UserController:29] - Get request received: show user list
2023-05-24 15:27:49 INFO [PoseidonApplication:51] - Starting PoseidonApplication using Java 19.0.1 with PID 23431 (/Users/lucmetz/Documents/IdeaProjects/poseidon/target/classes started by lucmetz in /Users/lucmetz/Documents/IdeaProjects/poseidon)
2023-05-24 15:27:49 DEBUG [PoseidonApplication:52] - Running with Spring Boot v3.0.2, Spring v6.0.4
2023-05-24 15:27:49 INFO [PoseidonApplication:630] - No active profile set, falling back to 1 default profile: "default"
2023-05-24 15:27:50 INFO [TomcatWebServer:108] - Tomcat initialized with port(s): 8080 (http)
2023-05-24 15:27:53 INFO [TomcatWebServer:220] - Tomcat started on port(s): 8080 (http) with context path ''
2023-05-24 15:27:53 INFO [PoseidonApplication:57] - Started PoseidonApplication in 4.718 seconds (process running for 6.233)
2023-05-24 15:27:57 INFO [UserController:29] - Get request received: show user list
2023-05-24 15:28:01 INFO [UserController:29] - Get request received: show user list
2023-05-24 15:28:04 INFO [HomeController:13] - Request received: display home page
2023-05-24 15:28:04 INFO [BidListController:29] - Get request received: display Bid List
2023-05-24 15:28:12 INFO [BidListController:29] - Get request received: display Bid List
2023-05-24 15:28:16 INFO [UserController:29] - Get request received: show user list
2023-05-24 15:28:25 INFO [HomeController:13] - Request received: display home page
2023-05-24 15:28:25 INFO [BidListController:29] - Get request received: display Bid List
2023-05-24 15:28:40 DEBUG [tcp:228] - RMI TCP Connection(1)-192.168.1.193: accepted socket from [192.168.1.193:50346]
2023-05-24 15:28:40 DEBUG [tcp:228] - RMI TCP Connection(1)-192.168.1.193: (port 50344) op = 80
2023-05-24 15:28:40 INFO [PoseidonApplication:51] - Starting PoseidonApplication using Java 19.0.1 with PID 23447 (/Users/lucmetz/Documents/IdeaProjects/poseidon/target/classes started by lucmetz in /Users/lucmetz/Documents/IdeaProjects/poseidon)
2023-05-24 15:28:40 DEBUG [PoseidonApplication:52] - Running with Spring Boot v3.0.2, Spring v6.0.4
2023-05-24 15:28:40 INFO [PoseidonApplication:630] - No active profile set, falling back to 1 default profile: "default"
2023-05-24 15:28:42 INFO [TomcatWebServer:108] - Tomcat initialized with port(s): 8080 (http)
2023-05-24 15:28:45 INFO [TomcatWebServer:220] - Tomcat started on port(s): 8080 (http) with context path ''
2023-05-24 15:28:45 INFO [PoseidonApplication:57] - Started PoseidonApplication in 4.887 seconds (process running for 6.509)
2023-05-24 15:28:54 INFO [HomeController:13] - Request received: display home page
2023-05-24 15:28:54 INFO [BidListController:29] - Get request received: display Bid List
2023-05-24 15:28:59 INFO [UserController:29] - Get request received: show user list
2023-05-24 15:28:59 INFO [BidListController:29] - Get request received: display Bid List
2023-05-24 15:29:01 INFO [HomeController:13] - Request received: display home page
2023-05-24 15:29:04 INFO [UserController:29] - Get request received: show user list
2023-05-24 15:29:12 INFO [BidListController:29] - Get request received: display Bid List
2023-05-24 15:29:15 INFO [BidListController:36] - Get request received: add Bid List
2023-05-24 15:29:17 INFO [BidListController:29] - Get request received: display Bid List
2023-05-24 15:29:21 INFO [HomeController:13] - Request received: display home page
2023-05-24 15:29:21 INFO [BidListController:29] - Get request received: display Bid List
2023-05-24 15:29:23 INFO [HomeController:13] - Request received: display home page
